build/app/outputs/mapping/release/mapping.txt
# compiler: R8
# compiler_version: 1.5.64
# min_api: 16
# pg_map_id: 27aaabf
...
com.google.firestore.v1.TransactionOptions$1 -> b.b.f.a.p0$a:
    int[] $SwitchMap$com$google$protobuf$GeneratedMessageLite$MethodToInvoke -> a
com.google.firestore.v1.TransactionOptions$Builder -> b.b.f.a.p0$b:
com.google.firestore.v1.TransactionOptions$ReadOnly -> b.b.f.a.p0$c:
    java.lang.Object dynamicMethod(com.google.protobuf.GeneratedMessageLite$MethodToInvoke,java.lang.Object,java.lang.Object) -> a
    com.google.firestore.v1.TransactionOptions$ReadOnly access$400() -> p
com.google.firestore.v1.TransactionOptions$ReadOnly$Builder -> b.b.f.a.p0$c$a:
com.google.firestore.v1.TransactionOptions$ReadOnlyOrBuilder -> b.b.f.a.p0$d:
com.google.firestore.v1.TransactionOptions$ReadWrite -> b.b.f.a.p0$e:
    java.lang.Object dynamicMethod(com.google.protobuf.GeneratedMessageLite$MethodToInvoke,java.lang.Object,java.lang.Object) -> a
    com.google.firestore.v1.TransactionOptions$ReadWrite access$000() -> p
com.google.firestore.v1.TransactionOptions$ReadWrite$Builder -> b.b.f.a.p0$e$a:
com.google.firestore.v1.TransactionOptions$ReadWriteOrBuilder -> b.b.f.a.p0$f:
com.google.firestore.v1.TransactionOptionsOrBuilder -> b.b.f.a.q0:
com.google.firestore.v1.Value -> b.b.f.a.r0:
    com.google.firestore.v1.Value access$000() -> A
    com.google.firestore.v1.Value getDefaultInstance() -> B
    com.google.firestore.v1.Value$Builder newBuilder() -> C
    void access$1100(com.google.firestore.v1.Value,com.google.protobuf.Timestamp) -> a
    void access$1400(com.google.firestore.v1.Value,java.lang.String) -> a
    void access$1700(com.google.firestore.v1.Value,com.google.protobuf.ByteString) -> a
    void access$2200(com.google.firestore.v1.Value,com.google.type.LatLng) -> a
    void access$2500(com.google.firestore.v1.Value,com.google.firestore.v1.ArrayValue) -> a
    void access$2800(com.google.firestore.v1.Value,com.google.firestore.v1.MapValue) -> a
    void access$300(com.google.firestore.v1.Value,com.google.protobuf.NullValue) -> a
    void access$500(com.google.firestore.v1.Value,boolean) -> a
    void access$700(com.google.firestore.v1.Value,long) -> a
    void access$900(com.google.firestore.v1.Value,double) -> a
    java.lang.Object dynamicMethod(com.google.protobuf.GeneratedMessageLite$MethodToInvoke,java.lang.Object,java.lang.Object) -> a
    void setArrayValue(com.google.firestore.v1.ArrayValue) -> a
    void setBooleanValue(boolean) -> a
    void setBytesValue(com.google.protobuf.ByteString) -> a
    void setDoubleValue(double) -> a
    void setGeoPointValue(com.google.type.LatLng) -> a
    void setIntegerValue(long) -> a
    void setMapValue(com.google.firestore.v1.MapValue) -> a
com.google.firestore.v1.Value$1 -> b.b.f.a.r0$a:
    int[] $SwitchMap$com$google$protobuf$GeneratedMessageLite$MethodToInvoke -> a
com.google.firestore.v1.Value$Builder -> b.b.f.a.r0$b:
    com.google.firestore.v1.Value$Builder setArrayValue(com.google.firestore.v1.ArrayValue$Builder) -> a
    com.google.firestore.v1.Value$Builder setBooleanValue(boolean) -> a
    com.google.firestore.v1.Value$Builder setBytesValue(com.google.protobuf.ByteString) -> a
    com.google.firestore.v1.Value$Builder setDoubleValue(double) -> a
    com.google.firestore.v1.Value$Builder setGeoPointValue(com.google.type.LatLng$Builder) -> a
    com.google.firestore.v1.Value$Builder setIntegerValue(long) -> a
    com.google.firestore.v1.Value$Builder setMapValue(com.google.firestore.v1.MapValue$Builder) -> a
    com.google.firestore.v1.Value$Builder setMapValue(com.google.firestore.v1.MapValue) -> a
    com.google.firestore.v1.Value$Builder setNullValue(com.google.protobuf.NullValue) -> a
    com.google.firestore.v1.Value$Builder setReferenceValue(java.lang.String) -> a
    com.google.firestore.v1.Value$Builder setTimestampValue(com.google.protobuf.Timestamp$Builder) -> a
    com.google.firestore.v1.Value$Builder setStringValue(java.lang.String) -> b